{"C:\\workspace_for_javaEEEclipse\\springvuetest\\frontend\\src\\App.vue": {"path":"C:\\workspace_for_javaEEEclipse\\springvuetest\\frontend\\src\\App.vue","statementMap":{"0":{"start":{"line":19,"column":0},"end":{"line":19,"column":null}}},"fnMap":{"0":{"name":"(anonymous_1)","decl":{"start":{"line":18,"column":0},"end":{"line":18,"column":null}},"loc":{"start":{"line":18,"column":0},"end":{"line":22,"column":null}}}},"branchMap":{},"s":{"0":1},"f":{"0":1},"b":{}}
,"C:\\workspace_for_javaEEEclipse\\springvuetest\\frontend\\src\\components\\User.vue": {"path":"C:\\workspace_for_javaEEEclipse\\springvuetest\\frontend\\src\\components\\User.vue","statementMap":{"0":{"start":{"line":22,"column":0},"end":{"line":22,"column":null}},"1":{"start":{"line":26,"column":0},"end":{"line":26,"column":null}},"2":{"start":{"line":42,"column":0},"end":{"line":51,"column":null}},"3":{"start":{"line":44,"column":0},"end":{"line":44,"column":null}},"4":{"start":{"line":45,"column":0},"end":{"line":45,"column":null}},"5":{"start":{"line":46,"column":0},"end":{"line":46,"column":null}},"6":{"start":{"line":47,"column":0},"end":{"line":47,"column":null}},"7":{"start":{"line":50,"column":0},"end":{"line":50,"column":null}},"8":{"start":{"line":54,"column":0},"end":{"line":61,"column":null}},"9":{"start":{"line":56,"column":0},"end":{"line":56,"column":null}},"10":{"start":{"line":57,"column":0},"end":{"line":57,"column":null}},"11":{"start":{"line":60,"column":0},"end":{"line":60,"column":null}}},"fnMap":{"0":{"name":"(anonymous_1)","decl":{"start":{"line":25,"column":0},"end":{"line":25,"column":null}},"loc":{"start":{"line":25,"column":0},"end":{"line":38,"column":null}}},"1":{"name":"(anonymous_2)","decl":{"start":{"line":41,"column":0},"end":{"line":41,"column":null}},"loc":{"start":{"line":41,"column":0},"end":{"line":52,"column":null}}},"2":{"name":"(anonymous_3)","decl":{"start":{"line":42,"column":0},"end":{"line":42,"column":null}},"loc":{"start":{"line":42,"column":0},"end":{"line":48,"column":null}}},"3":{"name":"(anonymous_4)","decl":{"start":{"line":48,"column":0},"end":{"line":48,"column":null}},"loc":{"start":{"line":48,"column":0},"end":{"line":51,"column":null}}},"4":{"name":"(anonymous_5)","decl":{"start":{"line":53,"column":0},"end":{"line":53,"column":null}},"loc":{"start":{"line":53,"column":0},"end":{"line":62,"column":null}}},"5":{"name":"(anonymous_6)","decl":{"start":{"line":54,"column":0},"end":{"line":54,"column":null}},"loc":{"start":{"line":54,"column":0},"end":{"line":58,"column":null}}},"6":{"name":"(anonymous_7)","decl":{"start":{"line":58,"column":0},"end":{"line":58,"column":null}},"loc":{"start":{"line":58,"column":0},"end":{"line":61,"column":null}}}},"branchMap":{},"s":{"0":1,"1":1,"2":0,"3":0,"4":0,"5":0,"6":0,"7":0,"8":0,"9":0,"10":0,"11":0},"f":{"0":1,"1":0,"2":0,"3":0,"4":0,"5":0,"6":0},"b":{}}
,"C:\\workspace_for_javaEEEclipse\\springvuetest\\frontend\\src\\components\\backend-api.js": {"path":"C:\\workspace_for_javaEEEclipse\\springvuetest\\frontend\\src\\components\\backend-api.js","statementMap":{"0":{"start":{"line":3,"column":14},"end":{"line":6,"column":2}},"1":{"start":{"line":10,"column":4},"end":{"line":10,"column":30}},"2":{"start":{"line":13,"column":4},"end":{"line":13,"column":39}},"3":{"start":{"line":16,"column":4},"end":{"line":16,"column":60}}},"fnMap":{"0":{"name":"(anonymous_0)","decl":{"start":{"line":9,"column":2},"end":{"line":9,"column":3}},"loc":{"start":{"line":9,"column":11},"end":{"line":11,"column":3}},"line":9},"1":{"name":"(anonymous_1)","decl":{"start":{"line":12,"column":2},"end":{"line":12,"column":3}},"loc":{"start":{"line":12,"column":19},"end":{"line":14,"column":3}},"line":12},"2":{"name":"(anonymous_2)","decl":{"start":{"line":15,"column":2},"end":{"line":15,"column":3}},"loc":{"start":{"line":15,"column":35},"end":{"line":17,"column":3}},"line":15}},"branchMap":{},"s":{"0":1,"1":0,"2":0,"3":0},"f":{"0":0,"1":0,"2":0},"b":{},"_coverageSchema":"43e27e138ebf9cfc5966b082cf9a028302ed4184","hash":"150a5fe844418482cc43fc96da0566c7823f03d8"}
}
