TN:
SF:C:\workspace_for_javaEEEclipse\springvuetest\frontend\src\App.vue
FN:18,(anonymous_1)
FNF:1
FNH:1
FNDA:1,(anonymous_1)
DA:19,1
LF:1
LH:1
BRF:0
BRH:0
end_of_record
TN:
SF:C:\workspace_for_javaEEEclipse\springvuetest\frontend\src\components\Bootstrap.vue
FN:77,(anonymous_1)
FN:100,(anonymous_2)
FN:101,(anonymous_3)
FN:108,(anonymous_4)
FNF:4
FNH:0
FNDA:0,(anonymous_1)
FNDA:0,(anonymous_2)
FNDA:0,(anonymous_3)
FNDA:0,(anonymous_4)
DA:72,0
DA:78,0
DA:101,0
DA:102,0
DA:103,0
DA:104,0
DA:105,0
DA:106,0
DA:107,0
DA:110,0
LF:10
LH:0
BRF:0
BRH:0
end_of_record
TN:
SF:C:\workspace_for_javaEEEclipse\springvuetest\frontend\src\components\HelloWorld.vue
FN:47,(anonymous_1)
FN:54,(anonymous_2)
FN:55,(anonymous_3)
FN:59,(anonymous_4)
FNF:4
FNH:0
FNDA:0,(anonymous_1)
FNDA:0,(anonymous_2)
FNDA:0,(anonymous_3)
FNDA:0,(anonymous_4)
DA:40,0
DA:48,0
DA:55,0
DA:58,0
DA:61,0
LF:5
LH:0
BRF:0
BRH:0
end_of_record
TN:
SF:C:\workspace_for_javaEEEclipse\springvuetest\frontend\src\components\User.vue
FN:25,(anonymous_1)
FN:41,(anonymous_2)
FN:42,(anonymous_3)
FN:48,(anonymous_4)
FN:53,(anonymous_5)
FN:54,(anonymous_6)
FN:58,(anonymous_7)
FNF:7
FNH:1
FNDA:1,(anonymous_1)
FNDA:0,(anonymous_2)
FNDA:0,(anonymous_3)
FNDA:0,(anonymous_4)
FNDA:0,(anonymous_5)
FNDA:0,(anonymous_6)
FNDA:0,(anonymous_7)
DA:22,1
DA:26,1
DA:42,0
DA:44,0
DA:45,0
DA:46,0
DA:47,0
DA:50,0
DA:54,0
DA:56,0
DA:57,0
DA:60,0
LF:12
LH:2
BRF:0
BRH:0
end_of_record
TN:
SF:C:\workspace_for_javaEEEclipse\springvuetest\frontend\src\components\backend-api.js
FN:9,(anonymous_0)
FN:12,(anonymous_1)
FN:15,(anonymous_2)
FNF:3
FNH:0
FNDA:0,(anonymous_0)
FNDA:0,(anonymous_1)
FNDA:0,(anonymous_2)
DA:3,1
DA:10,0
DA:13,0
DA:16,0
LF:4
LH:1
BRF:0
BRH:0
end_of_record
TN:
SF:C:\workspace_for_javaEEEclipse\springvuetest\frontend\src\views\Home.vue
FNF:0
FNH:0
DA:10,0
LF:1
LH:0
BRF:0
BRH:0
end_of_record
